INFO: [HLS 200-0] Workspace /home/shimingsong/repo_ex/HLx_Examples/DSP/fir_example/eg/fir_2ch_int/proj/solution1 opened at Sat Feb 16 14:28:17 PST 2019
Execute     config_clock -quiet -name default -period 4 -default=false 
INFO: [SYN 201-201] Setting up clock 'default' with a period of 4ns.
Command     config_clock returned 0; 0 sec.
Execute     open_platform DefaultPlatform 
Command     open_platform returned 0; 0 sec.
Execute     import_lib /opt/Xilinx/Vivado/2017.4.op/common/technology/xilinx/kintex7/kintex7 
Execute       source /opt/Xilinx/Vivado/2017.4.op/common/technology/xilinx/common/xilinx.lib 
Execute         source /opt/Xilinx/Vivado/2017.4.op/common/technology/xilinx/interface/xilinx_interface.lib 
Execute           source /opt/Xilinx/Vivado/2017.4.op/common/technology/xilinx/interface/plb46.lib 
Command           ap_source returned 0; 0 sec.
Execute           source /opt/Xilinx/Vivado/2017.4.op/common/technology/xilinx/interface/fsl.lib 
Command           ap_source returned 0; 0 sec.
Execute           source /opt/Xilinx/Vivado/2017.4.op/common/technology/xilinx/interface/axi4.lib 
Command           ap_source returned 0; 0 sec.
Execute           source /opt/Xilinx/Vivado/2017.4.op/common/technology/xilinx/interface/maxi.lib 
Command           ap_source returned 0; 0 sec.
Execute           source /opt/Xilinx/Vivado/2017.4.op/common/technology/xilinx/interface/saxilite.lib 
Command           ap_source returned 0; 0 sec.
Command         ap_source returned 0; 0 sec.
Execute         source /opt/Xilinx/Vivado/2017.4.op/common/technology/xilinx/common/dsp48.lib 
Command         ap_source returned 0; 0 sec.
Execute         source /opt/Xilinx/Vivado/2017.4.op/common/technology/xilinx/ip/xfft.lib 
Command         ap_source returned 0; 0 sec.
Execute         source /opt/Xilinx/Vivado/2017.4.op/common/technology/xilinx/ip/dds_compiler.lib 
Command         ap_source returned 0; 0 sec.
Execute         source /opt/Xilinx/Vivado/2017.4.op/common/technology/xilinx/ip/xfir.lib 
Command         ap_source returned 0; 0.01 sec.
Command       ap_source returned 0; 0.01 sec.
Execute       source /opt/Xilinx/Vivado/2017.4.op/common/technology/xilinx/common/xilinx_old.lib 
Command       ap_source returned 0; 0 sec.
Execute       source /opt/Xilinx/Vivado/2017.4.op/common/technology/xilinx/common/xilinx_vivado.lib 
Command       ap_source returned 0; 0 sec.
Execute       source /opt/Xilinx/Vivado/2017.4.op/common/technology/xilinx/common/xilinx.hlp 
Execute         source /opt/Xilinx/Vivado/2017.4.op/common/technology/xilinx/common/target_info.tcl 
Command         ap_source returned 0; 0 sec.
Execute         source /opt/Xilinx/Vivado/2017.4.op/common/technology/xilinx/interface/xilinx_interface.hlp 
Execute           source /opt/Xilinx/Vivado/2017.4.op/common/technology/xilinx/interface/maxi.hlp 
Command           ap_source returned 0; 0 sec.
Execute           source /opt/Xilinx/Vivado/2017.4.op/common/technology/xilinx/interface/saxilite.hlp 
Command           ap_source returned 0; 0 sec.
Command         ap_source returned 0; 0 sec.
Execute         source /opt/Xilinx/Vivado/2017.4.op/common/technology/xilinx/common/dsp48.hlp 
Command         ap_source returned 0; 0 sec.
Command       ap_source returned 0; 0.01 sec.
Execute       source /opt/Xilinx/Vivado/2017.4.op/common/technology/xilinx/kintex7/dsp48e1.hlp 
Command       ap_source returned 0; 0 sec.
Execute       get_default_platform 
Command       get_default_platform returned 0; 0 sec.
Execute       config_chip_info -quiet -resource  {SLICE 50950} {LUT 203800}    {FF 407600} {DSP48E 840}    {BRAM 890}  
Command       config_chip_info returned 0; 0 sec.
Execute       config_chip_info -quiet -speed medium 
Command       config_chip_info returned 0; 0 sec.
Execute       source /opt/Xilinx/Vivado/2017.4.op/common/technology/xilinx/common/xilinx.hlp 
Execute         source /opt/Xilinx/Vivado/2017.4.op/common/technology/xilinx/common/target_info.tcl 
Command         ap_source returned 0; 0 sec.
Execute         source /opt/Xilinx/Vivado/2017.4.op/common/technology/xilinx/interface/xilinx_interface.hlp 
Execute           source /opt/Xilinx/Vivado/2017.4.op/common/technology/xilinx/interface/maxi.hlp 
Command           ap_source returned 0; 0 sec.
Execute           source /opt/Xilinx/Vivado/2017.4.op/common/technology/xilinx/interface/saxilite.hlp 
Command           ap_source returned 0; 0 sec.
Command         ap_source returned 0; 0 sec.
Execute         source /opt/Xilinx/Vivado/2017.4.op/common/technology/xilinx/common/dsp48.hlp 
Command         ap_source returned 0; 0 sec.
Command       ap_source returned 0; 0.01 sec.
Command     import_lib returned 0; 0.03 sec.
Execute     source /opt/Xilinx/Vivado/2017.4.op/common/technology/xilinx/kintex7/kintex7.gen 
Execute       source /opt/Xilinx/Vivado/2017.4.op/common/technology/xilinx/common/virtex.gen 
Execute         source /opt/Xilinx/Vivado/2017.4.op/common/technology/xilinx/common/xilinx.gen 
Execute           source /opt/Xilinx/Vivado/2017.4.op/common/technology/xilinx/interface/plb46.gen 
Command           ap_source returned 0; 0 sec.
Execute           source /opt/Xilinx/Vivado/2017.4.op/common/technology/xilinx/interface/fsl.gen 
Command           ap_source returned 0; 0 sec.
Execute           source /opt/Xilinx/Vivado/2017.4.op/common/technology/xilinx/interface/axi4.gen 
Command           ap_source returned 0; 0 sec.
Execute           source /opt/Xilinx/Vivado/2017.4.op/common/technology/xilinx/interface/nativeAXI4.gen 
Execute             source /opt/Xilinx/Vivado/2017.4.op/common/technology/xilinx/interface/saxilite.gen 
Command             ap_source returned 0; 0 sec.
Execute             source /opt/Xilinx/Vivado/2017.4.op/common/technology/xilinx/interface/maxi.gen 
Command             ap_source returned 0; 0.01 sec.
Command           ap_source returned 0; 0.02 sec.
Execute           source /opt/Xilinx/Vivado/2017.4.op/common/technology/xilinx/scripts/xilinxcoregen.gen 
Command           ap_source returned 0; 0.01 sec.
Execute           source /opt/Xilinx/Vivado/2017.4.op/common/technology/xilinx/interface/XilEDKCoreGen.gen 
Command           ap_source returned 0; 0.01 sec.
Execute           source /opt/Xilinx/Vivado/2017.4.op/common/technology/xilinx/ip/dds_compiler.gen 
Command           ap_source returned 0; 0.01 sec.
Execute           source /opt/Xilinx/Vivado/2017.4.op/common/technology/xilinx/ip/xfir.gen 
Command           ap_source returned 0; 0 sec.
Execute           source /opt/Xilinx/Vivado/2017.4.op/common/technology/xilinx/ip/xfft.gen 
Command           ap_source returned 0; 0.07 sec.
Execute           source /opt/Xilinx/Vivado/2017.4.op/common/technology/xilinx/ip/util.gen 
Command           ap_source returned 0; 0 sec.
Command         ap_source returned 0; 0.12 sec.
Execute         source /opt/Xilinx/Vivado/2017.4.op/common/technology/xilinx/common/dsp48.gen 
Command         ap_source returned 0; 0 sec.
Command       ap_source returned 0; 0.12 sec.
Command     ap_source returned 0; 0.12 sec.
Execute     open_platform DefaultPlatform 
Command     open_platform returned 0; 0 sec.
Execute     import_lib /opt/Xilinx/Vivado/2017.4.op/common/technology/xilinx/kintex7/kintex7_fpv6 
Execute       source /opt/Xilinx/Vivado/2017.4.op/common/technology/xilinx/common/xilinx_fpv7.lib 
Execute         source /opt/Xilinx/Vivado/2017.4.op/common/technology/xilinx/common/xilinx_hp.lib 
Command         ap_source returned 0; 0 sec.
Command       ap_source returned 0; 0.01 sec.
Execute       source /opt/Xilinx/Vivado/2017.4.op/common/technology/xilinx/common/xilinx_fpv.hlp 
Execute         source /opt/Xilinx/Vivado/2017.4.op/common/technology/xilinx/common/xilinx.hlp 
Execute           source /opt/Xilinx/Vivado/2017.4.op/common/technology/xilinx/common/target_info.tcl 
Command           ap_source returned 0; 0 sec.
Execute           source /opt/Xilinx/Vivado/2017.4.op/common/technology/xilinx/interface/xilinx_interface.hlp 
Execute             source /opt/Xilinx/Vivado/2017.4.op/common/technology/xilinx/interface/maxi.hlp 
Command             ap_source returned 0; 0 sec.
Execute             source /opt/Xilinx/Vivado/2017.4.op/common/technology/xilinx/interface/saxilite.hlp 
Command             ap_source returned 0; 0.01 sec.
Command           ap_source returned 0; 0.01 sec.
Execute           source /opt/Xilinx/Vivado/2017.4.op/common/technology/xilinx/common/dsp48.hlp 
Command           ap_source returned 0; 0 sec.
Command         ap_source returned 0; 0.01 sec.
Command       ap_source returned 0; 0.01 sec.
Execute       source /opt/Xilinx/Vivado/2017.4.op/common/technology/xilinx/kintex7/kintex7_hp.hlp 
Command       ap_source returned 0; 0 sec.
Command     import_lib returned 0; 0.02 sec.
Execute     source /opt/Xilinx/Vivado/2017.4.op/common/technology/xilinx/kintex7/kintex7_fpv6.gen 
Execute       source /opt/Xilinx/Vivado/2017.4.op/common/technology/xilinx/common/xilinx_fpv6.gen 
Command       ap_source returned 0; 0 sec.
Command     ap_source returned 0; 0 sec.
Execute     set_part xc7k160tfbg484-1 
ERROR: [HLS 200-70] Part 'xc7k160t' is not installed.
Command     set_part returned 2; 0 sec.
Command   open_solution returned 2; 0.18 sec.
Command ap_source returned 1; 0.21 sec.
command 'ap_source' returned error code
    while executing
"source /home/shimingsong/repo_ex/HLx_Examples/DSP/fir_example/eg/fir_2ch_int/proj/solution1/csynth.tcl"
    invoked from within
"hls::main /home/shimingsong/repo_ex/HLx_Examples/DSP/fir_example/eg/fir_2ch_int/proj/solution1/csynth.tcl"
    ("uplevel" body line 1)
    invoked from within
"uplevel 1 hls::main {*}$args"
    (procedure "hls_proc" line 5)
    invoked from within
"hls_proc $argv"
Execute cleanup_all 
Command cleanup_all returned 0; 0 sec.
